template 
{
    name = "template_1926";
    type = TEXTUAL;
    width = 100;
    maxheight = 120;
    columns = (1, 1);
    gap = 1;
    fillpolicy = EVEN;
    filldirection = HORIZONTAL;
    margins = (0, 0, 0, 0);
    gridxspacing = 1;
    gridyspacing = 1;
    version = 3.21;
    created = "29.10.2004 12:07";
    modified = "17.10.2014 10:06";
    notes = "Converted template";

    pageheader 
    {
        name = "PAGEHEADER";
        height = 1;
        outputpolicy = NONE;

        text 
        {
            name = "TITLE:";
            x1 = 0;
            y1 = 0;
            x2 = 0;
            y2 = 0;
            string = "*,Multi-Drawing Import File for KISS 1.1 Reporting */";
            fontname = "Courier New";
            fontcolor = 153;
            fonttype = 2;
            fontsize = 0.8;
            fontratio = 0.75;
            fontslant = 0;
            fontstyle = 0;
            angle = 0;
            justify = LEFT;
            pen = 0;
        };
    };

    row 
    {
        name = "DRAWING_1";
        height = 1;
        visibility = TRUE;
        usecolumns = FALSE;
        rule = "if (GetValue(\"TYPE\")==\"M\") then\n  Output()\nelse\n  StepOver()\nendif";
        contenttype = "DRAWING";
        sorttype = DISTINCT;

        row _tmp_922
        {
            name = "DRAWING_2";
            height = 1;
            visibility = FALSE;
            usecolumns = FALSE;
            rule = "if (GetValue(\"TYPE\")==\"A\") then\n  Output()\nelse\n  StepOver()\nendif";
            contenttype = "DRAWING";
            sorttype = NONE;

            valuefield _tmp_8
            {
                name = "ASSEMBLY.ID_field";
                location = (2, 0);
                formula = "GetValue(\"ID\")";
                datatype = INTEGER;
                class = "";
                cacheable = TRUE;
                justify = LEFT;
                visibility = TRUE;
                angle = 0;
                length = 16;
                decimals = 0;
                sortdirection = ASCENDING;
                fontname = "Courier New";
                fontcolor = 153;
                fonttype = 2;
                fontsize = 0.8;
                fontratio = 0.75;
                fontstyle = 0;
                fontslant = 0;
                pen = 0;
                oncombine = NONE;
            };

            valuefield _tmp_3672
            {
                name = "POSNUMBER";
                location = (57, 0);
                formula = "GetValue(\"ASSEMBLY.ASSEMBLY_POS\")";
                datatype = STRING;
                class = "";
                cacheable = TRUE;
                justify = LEFT;
                visibility = TRUE;
                angle = 0;
                length = 6;
                decimals = 0;
                sortdirection = ASCENDING;
                fontname = "Courier New";
                fontcolor = 153;
                fonttype = 2;
                fontsize = 5;
                fontratio = 1.5;
                fontstyle = 0;
                fontslant = 0;
                pen = -1;
                oncombine = NONE;
            };

            text _tmp_10
            {
                name = "Text_3";
                x1 = 50;
                y1 = 0;
                x2 = 50;
                y2 = 0;
                string = ",";
                fontname = "Arial";
                fontcolor = 161;
                fonttype = 2;
                fontsize = 2.38;
                fontratio = 1;
                fontslant = 0;
                fontstyle = 0;
                angle = 0;
                justify = LEFT;
                pen = 0;
            };

            text _tmp_16
            {
                name = "Text_4";
                x1 = 0;
                y1 = 0;
                x2 = 0;
                y2 = 0;
                string = "A,";
                fontname = "Arial";
                fontcolor = 161;
                fonttype = 2;
                fontsize = 2.38;
                fontratio = 1;
                fontslant = 0;
                fontstyle = 0;
                angle = 0;
                justify = LEFT;
                pen = 0;
            };

            row _tmp_23
            {
                name = "ASSEMBLY";
                height = 1;
                visibility = FALSE;
                usecolumns = FALSE;
                rule = "";
                contenttype = "ASSEMBLY";
                sorttype = COMBINE;

                row _tmp_11
                {
                    name = "SIMILAR_ASSEMBLY";
                    height = 1;
                    visibility = TRUE;
                    usecolumns = FALSE;
                    rule = "";
                    contenttype = "SIMILAR_ASSEMBLY";
                    sorttype = COMBINE;

                    valuefield _tmp_13
                    {
                        name = "ValueField";
                        location = (2, 0);
                        formula = "GetValue(\"ID\")";
                        datatype = INTEGER;
                        class = "";
                        cacheable = TRUE;
                        justify = LEFT;
                        visibility = TRUE;
                        angle = 0;
                        length = 16;
                        decimals = 0;
                        sortdirection = ASCENDING;
                        fontname = "Courier New";
                        fontcolor = 153;
                        fonttype = 2;
                        fontsize = 0.8;
                        fontratio = 0.75;
                        fontstyle = 0;
                        fontslant = 0;
                        pen = 0;
                        oncombine = NONE;
                    };

                    text _tmp_18
                    {
                        name = "Text_5";
                        x1 = 0;
                        y1 = 0;
                        x2 = 0;
                        y2 = 0;
                        string = "A,";
                        fontname = "Arial";
                        fontcolor = 161;
                        fonttype = 2;
                        fontsize = 2.38;
                        fontratio = 1;
                        fontslant = 0;
                        fontstyle = 0;
                        angle = 0;
                        justify = LEFT;
                        pen = 0;
                    };

                    valuefield _tmp_21
                    {
                        name = "ValueField_1";
                        location = (57, 0);
                        formula = "GetValue(\"ASSEMBLY_POS\")";
                        datatype = STRING;
                        class = "";
                        cacheable = TRUE;
                        justify = LEFT;
                        visibility = TRUE;
                        angle = 0;
                        length = 6;
                        decimals = 0;
                        sortdirection = ASCENDING;
                        fontname = "Courier New";
                        fontcolor = 153;
                        fonttype = 2;
                        fontsize = 5;
                        fontratio = 1.5;
                        fontstyle = 0;
                        fontslant = 0;
                        pen = -1;
                        oncombine = NONE;
                    };

                    text _tmp_22
                    {
                        name = "Text_6";
                        x1 = 51;
                        y1 = 0;
                        x2 = 51;
                        y2 = 0;
                        string = ",";
                        fontname = "Arial";
                        fontcolor = 161;
                        fonttype = 2;
                        fontsize = 2.38;
                        fontratio = 1;
                        fontslant = 0;
                        fontstyle = 0;
                        angle = 0;
                        justify = LEFT;
                        pen = 0;
                    };
                };

                text _tmp_26
                {
                    name = "Text_7";
                    x1 = 0;
                    y1 = 0;
                    x2 = 0;
                    y2 = 0;
                    string = "A,";
                    fontname = "Arial";
                    fontcolor = 161;
                    fonttype = 2;
                    fontsize = 2.38;
                    fontratio = 1;
                    fontslant = 0;
                    fontstyle = 0;
                    angle = 0;
                    justify = LEFT;
                    pen = 0;
                };

                valuefield _tmp_27
                {
                    name = "ValueField_2";
                    location = (2, 0);
                    formula = "GetValue(\"ID\")";
                    datatype = INTEGER;
                    class = "";
                    cacheable = TRUE;
                    justify = LEFT;
                    visibility = TRUE;
                    angle = 0;
                    length = 16;
                    decimals = 0;
                    sortdirection = ASCENDING;
                    fontname = "Courier New";
                    fontcolor = 153;
                    fonttype = 2;
                    fontsize = 0.8;
                    fontratio = 0.75;
                    fontstyle = 0;
                    fontslant = 0;
                    pen = 0;
                    oncombine = NONE;
                };

                text _tmp_29
                {
                    name = "Text_8";
                    x1 = 50;
                    y1 = 0;
                    x2 = 50;
                    y2 = 0;
                    string = ",";
                    fontname = "Arial";
                    fontcolor = 161;
                    fonttype = 2;
                    fontsize = 2.38;
                    fontratio = 1;
                    fontslant = 0;
                    fontstyle = 0;
                    angle = 0;
                    justify = LEFT;
                    pen = 0;
                };

                valuefield _tmp_31
                {
                    name = "ValueField_3";
                    location = (57, 0);
                    formula = "GetValue(\"ASSEMBLY_POS\")";
                    datatype = STRING;
                    class = "";
                    cacheable = TRUE;
                    justify = LEFT;
                    visibility = TRUE;
                    angle = 0;
                    length = 6;
                    decimals = 0;
                    sortdirection = ASCENDING;
                    fontname = "Courier New";
                    fontcolor = 153;
                    fonttype = 2;
                    fontsize = 5;
                    fontratio = 1.5;
                    fontstyle = 0;
                    fontslant = 0;
                    pen = -1;
                    oncombine = NONE;
                };
            };
        };

        valuefield _tmp_2
        {
            name = "MDWG_NAME";
            location = (2, 0);
            formula = "GetValue(\"TITLE\")";
            datatype = STRING;
            class = "";
            cacheable = TRUE;
            justify = LEFT;
            visibility = TRUE;
            angle = 0;
            length = 30;
            decimals = 0;
            sortdirection = ASCENDING;
            fontname = "Courier New";
            fontcolor = 153;
            fonttype = 2;
            fontsize = 0.8;
            fontratio = 0.75;
            fontstyle = 0;
            fontslant = 0;
            pen = 0;
            oncombine = NONE;
        };

        valuefield _tmp_2221
        {
            name = "MDWG_REVISION_LAST_MARK";
            location = (33, 0);
            formula = "GetValue(\"REVISION.LAST_MARK\")";
            datatype = STRING;
            class = "";
            cacheable = TRUE;
            justify = LEFT;
            visibility = TRUE;
            angle = 0;
            length = 10;
            decimals = 0;
            sortdirection = NONE;
            fontname = "Courier New";
            fontcolor = 153;
            fonttype = 2;
            fontsize = 5;
            fontratio = 1.5;
            fontstyle = 0;
            fontslant = 0;
            pen = -1;
            oncombine = NONE;
        };

        valuefield _tmp_1530
        {
            name = "MDWG_TITLE";
            location = (44, 0);
            formula = "GetValue(\"TITLE1\")";
            datatype = STRING;
            class = "";
            cacheable = TRUE;
            justify = LEFT;
            visibility = TRUE;
            angle = 0;
            length = 30;
            decimals = 0;
            sortdirection = ASCENDING;
            fontname = "Courier New";
            fontcolor = 153;
            fonttype = 2;
            fontsize = 0.8;
            fontratio = 0.75;
            fontstyle = 0;
            fontslant = 0;
            pen = 0;
            oncombine = NONE;
        };

        valuefield _tmp_0
        {
            name = "MDWG_DATE_MODIFY";
            location = (75, 0);
            formula = "GetValue(\"DATE_MODIFY\")";
            datatype = INTEGER;
            class = "Date";
            cacheable = TRUE;
            justify = LEFT;
            visibility = TRUE;
            angle = 0;
            length = 10;
            decimals = 0;
            sortdirection = ASCENDING;
            fontname = "Courier New";
            fontcolor = 153;
            fonttype = 2;
            fontsize = 0.8;
            fontratio = 0.75;
            fontstyle = 0;
            fontslant = 0;
            pen = 0;
            oncombine = NONE;
            unit = "mm/dd/yyyy";
        };

        valuefield _tmp_1
        {
            name = "MDWG_DRAWN_BY";
            location = (86, 0);
            formula = "GetValue(\"USERDEFINED.DR_DRAWN_BY\")";
            datatype = STRING;
            class = "";
            cacheable = TRUE;
            justify = LEFT;
            visibility = TRUE;
            angle = 0;
            length = 10;
            decimals = 0;
            sortdirection = ASCENDING;
            fontname = "Courier New";
            fontcolor = 153;
            fonttype = 2;
            fontsize = 0.8;
            fontratio = 0.75;
            fontstyle = 0;
            fontslant = 0;
            pen = 0;
            oncombine = NONE;
        };

        text _tmp_3
        {
            name = ",";
            x1 = 32;
            y1 = 0;
            x2 = 32;
            y2 = 0;
            string = ",";
            fontname = "Arial";
            fontcolor = 161;
            fonttype = 2;
            fontsize = 2.38;
            fontratio = 1;
            fontslant = 0;
            fontstyle = 0;
            angle = 0;
            justify = LEFT;
            pen = 0;
        };

        text _tmp_5
        {
            name = "Text";
            x1 = 43;
            y1 = 0;
            x2 = 43;
            y2 = 0;
            string = ",";
            fontname = "Arial";
            fontcolor = 161;
            fonttype = 2;
            fontsize = 2.38;
            fontratio = 1;
            fontslant = 0;
            fontstyle = 0;
            angle = 0;
            justify = LEFT;
            pen = 0;
        };

        text _tmp_6
        {
            name = "Text_1";
            x1 = 74;
            y1 = 0;
            x2 = 74;
            y2 = 0;
            string = ",";
            fontname = "Arial";
            fontcolor = 161;
            fonttype = 2;
            fontsize = 2.38;
            fontratio = 1;
            fontslant = 0;
            fontstyle = 0;
            angle = 0;
            justify = LEFT;
            pen = 0;
        };

        text _tmp_7
        {
            name = "Text_2";
            x1 = 85;
            y1 = 0;
            x2 = 85;
            y2 = 0;
            string = ",";
            fontname = "Arial";
            fontcolor = 161;
            fonttype = 2;
            fontsize = 2.38;
            fontratio = 1;
            fontslant = 0;
            fontstyle = 0;
            angle = 0;
            justify = LEFT;
            pen = 0;
        };

        text _tmp_14
        {
            name = "M,";
            x1 = 0;
            y1 = 0;
            x2 = 0;
            y2 = 0;
            string = "M,";
            fontname = "Arial";
            fontcolor = 161;
            fonttype = 2;
            fontsize = 2.38;
            fontratio = 1;
            fontslant = 0;
            fontstyle = 0;
            angle = 0;
            justify = LEFT;
            pen = 0;
        };
    };
};
